<?xml version="1.0" encoding="UTF-8"?>
<!-- Generated by org.testng.reporters.JUnitXMLReporter -->
<testsuite hostname="athirai" ignored="0" name="Test" tests="6" failures="0" timestamp="18 Apr 2019 23:59:45 GMT" time="0.051" errors="0">
  <testcase name="Browserautomation" time="0.013" classname="qaclickacademy.SeleniumTest"/>
  <testcase name="elementUI" time="0.0" classname="qaclickacademy.SeleniumTest"/>
  <testcase name="Methodone" time="0.0" classname="qaclickacademy.AppiumTest"/>
  <testcase name="Methodtwo" time="0.001" classname="qaclickacademy.AppiumTest"/>
  <testcase name="PostJira" time="0.0" classname="qaclickacademy.ApiTest"/>
  <testcase name="deletetwitter" time="0.001" classname="qaclickacademy.ApiTest"/>
</testsuite> <!-- Test -->
