<?xml version="1.0" encoding="UTF-8"?>
<testng-results skipped="0" failed="0" ignored="0" total="6" passed="6">
  <reporter-output>
  </reporter-output>
  <suite name="Suite" duration-ms="51" started-at="2019-04-18T23:59:45Z" finished-at="2019-04-18T23:59:45Z">
    <groups>
    </groups>
    <test name="Test" duration-ms="51" started-at="2019-04-18T23:59:45Z" finished-at="2019-04-18T23:59:45Z">
      <class name="qaclickacademy.AppiumTest">
        <test-method status="PASS" signature="Methodtwo()[pri:0, instance:qaclickacademy.AppiumTest@2ef9b8bc]" name="Methodtwo" duration-ms="1" started-at="2019-04-18T18:59:45Z" finished-at="2019-04-18T18:59:45Z">
          <reporter-output>
          </reporter-output>
        </test-method> <!-- Methodtwo -->
        <test-method status="PASS" signature="Methodone()[pri:0, instance:qaclickacademy.AppiumTest@2ef9b8bc]" name="Methodone" duration-ms="0" started-at="2019-04-18T18:59:45Z" finished-at="2019-04-18T18:59:45Z">
          <reporter-output>
          </reporter-output>
        </test-method> <!-- Methodone -->
      </class> <!-- qaclickacademy.AppiumTest -->
      <class name="qaclickacademy.ApiTest">
        <test-method status="PASS" signature="PostJira()[pri:0, instance:qaclickacademy.ApiTest@5d624da6]" name="PostJira" duration-ms="0" started-at="2019-04-18T18:59:45Z" finished-at="2019-04-18T18:59:45Z">
          <reporter-output>
          </reporter-output>
        </test-method> <!-- PostJira -->
        <test-method status="PASS" signature="deletetwitter()[pri:0, instance:qaclickacademy.ApiTest@5d624da6]" name="deletetwitter" duration-ms="1" started-at="2019-04-18T18:59:45Z" finished-at="2019-04-18T18:59:45Z">
          <reporter-output>
          </reporter-output>
        </test-method> <!-- deletetwitter -->
      </class> <!-- qaclickacademy.ApiTest -->
      <class name="qaclickacademy.SeleniumTest">
        <test-method status="PASS" signature="Browserautomation()[pri:0, instance:qaclickacademy.SeleniumTest@246ae04d]" name="Browserautomation" duration-ms="13" started-at="2019-04-18T18:59:45Z" finished-at="2019-04-18T18:59:45Z">
          <reporter-output>
          </reporter-output>
        </test-method> <!-- Browserautomation -->
        <test-method status="PASS" signature="elementUI()[pri:0, instance:qaclickacademy.SeleniumTest@246ae04d]" name="elementUI" duration-ms="0" started-at="2019-04-18T18:59:45Z" finished-at="2019-04-18T18:59:45Z">
          <reporter-output>
          </reporter-output>
        </test-method> <!-- elementUI -->
      </class> <!-- qaclickacademy.SeleniumTest -->
    </test> <!-- Test -->
  </suite> <!-- Suite -->
</testng-results>
