<?xml version="1.0" encoding="UTF-8"?>
<testng-results skipped="0" failed="0" ignored="0" total="1" passed="1">
  <reporter-output>
  </reporter-output>
  <suite name="Default suite" duration-ms="13322" started-at="2019-05-17T07:51:50Z" finished-at="2019-05-17T07:52:03Z">
    <groups>
    </groups>
    <test name="Default test" duration-ms="13322" started-at="2019-05-17T07:51:50Z" finished-at="2019-05-17T07:52:03Z">
      <class name="qaclickacademy.HomePage">
        <test-method status="PASS" signature="basePageNavigation()[pri:0, instance:qaclickacademy.HomePage@25af5db5]" name="basePageNavigation" duration-ms="13286" started-at="2019-05-17T07:51:50Z" finished-at="2019-05-17T07:52:03Z">
          <reporter-output>
          </reporter-output>
        </test-method> <!-- basePageNavigation -->
      </class> <!-- qaclickacademy.HomePage -->
    </test> <!-- Default test -->
  </suite> <!-- Default suite -->
</testng-results>
